# JRE version: OpenJDK Runtime Environment Temurin-17.0.1+12 (17.0.1+12) (build 17.0.1+12)
# Java VM: OpenJDK 64-Bit Server VM Temurin-17.0.1+12 (17.0.1+12, mixed mode, tiered, compressed oops, compressed class ptrs, g1 gc, windows-amd64)
Heap:
 garbage-first heap   total 147456K, used 15101K [0x0000000702000000, 0x0000000800000000)
  region size 2048K, 6 young (12288K), 2 survivors (4096K)
 Metaspace       used 30781K, committed 30912K, reserved 1081344K
  class space    used 3381K, committed 3456K, reserved 1048576K
GC Heap History (18 events):
Event: 0.801 GC heap before
{Heap before GC invocations=0 (full 0):
 garbage-first heap   total 260096K, used 10240K [0x0000000702000000, 0x0000000800000000)
  region size 2048K, 6 young (12288K), 0 survivors (0K)
 Metaspace       used 9585K, committed 9664K, reserved 1064960K
  class space    used 834K, committed 896K, reserved 1048576K
}
Event: 0.806 GC heap after
{Heap after GC invocations=1 (full 0):
 garbage-first heap   total 260096K, used 2762K [0x0000000702000000, 0x0000000800000000)
  region size 2048K, 1 young (2048K), 1 survivors (2048K)
 Metaspace       used 9585K, committed 9664K, reserved 1064960K
  class space    used 834K, committed 896K, reserved 1048576K
}
Event: 0.811 GC heap before
{Heap before GC invocations=1 (full 0):
 garbage-first heap   total 260096K, used 13002K [0x0000000702000000, 0x0000000800000000)
  region size 2048K, 7 young (14336K), 1 survivors (2048K)
 Metaspace       used 9586K, committed 9664K, reserved 1064960K
  class space    used 834K, committed 896K, reserved 1048576K
}
Event: 0.814 GC heap after
{Heap after GC invocations=2 (full 0):
 garbage-first heap   total 260096K, used 3096K [0x0000000702000000, 0x0000000800000000)
  region size 2048K, 1 young (2048K), 1 survivors (2048K)
 Metaspace       used 9586K, committed 9664K, reserved 1064960K
  class space    used 834K, committed 896K, reserved 1048576K
}
Event: 1.445 GC heap before
{Heap before GC invocations=2 (full 0):
 garbage-first heap   total 260096K, used 39960K [0x0000000702000000, 0x0000000800000000)
  region size 2048K, 20 young (40960K), 1 survivors (2048K)
 Metaspace       used 16446K, committed 16640K, reserved 1064960K
  class space    used 1518K, committed 1600K, reserved 1048576K
}
Event: 1.448 GC heap after
{Heap after GC invocations=3 (full 0):
 garbage-first heap   total 260096K, used 4636K [0x0000000702000000, 0x0000000800000000)
  region size 2048K, 1 young (2048K), 1 survivors (2048K)
 Metaspace       used 16446K, committed 16640K, reserved 1064960K
  class space    used 1518K, committed 1600K, reserved 1048576K
}
Event: 2.416 GC heap before
{Heap before GC invocations=3 (full 0):
 garbage-first heap   total 260096K, used 43548K [0x0000000702000000, 0x0000000800000000)
  region size 2048K, 21 young (43008K), 1 survivors (2048K)
 Metaspace       used 21314K, committed 21504K, reserved 1073152K
  class space    used 2301K, committed 2432K, reserved 1048576K
}
Event: 2.419 GC heap after
{Heap after GC invocations=4 (full 0):
 garbage-first heap   total 260096K, used 5461K [0x0000000702000000, 0x0000000800000000)
  region size 2048K, 2 young (4096K), 2 survivors (4096K)
 Metaspace       used 21314K, committed 21504K, reserved 1073152K
  class space    used 2301K, committed 2432K, reserved 1048576K
}
Event: 2.951 GC heap before
{Heap before GC invocations=5 (full 0):
 garbage-first heap   total 34816K, used 21845K [0x0000000702000000, 0x0000000800000000)
  region size 2048K, 10 young (20480K), 2 survivors (4096K)
 Metaspace       used 23582K, committed 23744K, reserved 1073152K
  class space    used 2532K, committed 2624K, reserved 1048576K
}
Event: 2.957 GC heap after
{Heap after GC invocations=6 (full 0):
 garbage-first heap   total 34816K, used 6078K [0x0000000702000000, 0x0000000800000000)
  region size 2048K, 1 young (2048K), 1 survivors (2048K)
 Metaspace       used 23582K, committed 23744K, reserved 1073152K
  class space    used 2532K, committed 2624K, reserved 1048576K
}
Event: 3.051 GC heap before
{Heap before GC invocations=6 (full 0):
 garbage-first heap   total 34816K, used 8126K [0x0000000702000000, 0x0000000800000000)
  region size 2048K, 2 young (4096K), 1 survivors (2048K)
 Metaspace       used 23812K, committed 24064K, reserved 1073152K
  class space    used 2557K, committed 2688K, reserved 1048576K
}
Event: 3.058 GC heap after
{Heap after GC invocations=7 (full 0):
 garbage-first heap   total 34816K, used 7091K [0x0000000702000000, 0x0000000800000000)
  region size 2048K, 1 young (2048K), 1 survivors (2048K)
 Metaspace       used 23812K, committed 24064K, reserved 1073152K
  class space    used 2557K, committed 2688K, reserved 1048576K
}
Event: 3.686 GC heap before
{Heap before GC invocations=7 (full 0):
 garbage-first heap   total 34816K, used 21427K [0x0000000702000000, 0x0000000800000000)
  region size 2048K, 9 young (18432K), 1 survivors (2048K)
 Metaspace       used 26487K, committed 26688K, reserved 1073152K
  class space    used 2905K, committed 3008K, reserved 1048576K
}
Event: 3.691 GC heap after
{Heap after GC invocations=8 (full 0):
 garbage-first heap   total 34816K, used 7786K [0x0000000702000000, 0x0000000800000000)
  region size 2048K, 2 young (4096K), 2 survivors (4096K)
 Metaspace       used 26487K, committed 26688K, reserved 1073152K
  class space    used 2905K, committed 3008K, reserved 1048576K
}
Event: 3.903 GC heap before
{Heap before GC invocations=8 (full 0):
 garbage-first heap   total 34816K, used 22122K [0x0000000702000000, 0x0000000800000000)
  region size 2048K, 9 young (18432K), 2 survivors (4096K)
 Metaspace       used 27988K, committed 28160K, reserved 1081344K
  class space    used 3069K, committed 3136K, reserved 1048576K
}
Event: 3.908 GC heap after
{Heap after GC invocations=9 (full 0):
 garbage-first heap   total 34816K, used 7810K [0x0000000702000000, 0x0000000800000000)
  region size 2048K, 1 young (2048K), 1 survivors (2048K)
 Metaspace       used 27988K, committed 28160K, reserved 1081344K
  class space    used 3069K, committed 3136K, reserved 1048576K
}
Event: 4.302 GC heap before
{Heap before GC invocations=9 (full 0):
 garbage-first heap   total 34816K, used 26242K [0x0000000702000000, 0x0000000800000000)
  region size 2048K, 10 young (20480K), 1 survivors (2048K)
 Metaspace       used 30242K, committed 30464K, reserved 1081344K
  class space    used 3319K, committed 3392K, reserved 1048576K
}
Event: 4.308 GC heap after
{Heap after GC invocations=10 (full 0):
 garbage-first heap   total 147456K, used 8115K [0x0000000702000000, 0x0000000800000000)
  region size 2048K, 2 young (4096K), 2 survivors (4096K)
 Metaspace       used 30242K, committed 30464K, reserved 1081344K
  class space    used 3319K, committed 3392K, reserved 1048576K
}

